Arguments: 
  /nix/store/yc5bicc5zs5czjp5q5aygz79km84rmd4-nodejs-20.10.0/bin/node /nix/store/fpi2d88hrwazxm7ign8ivapcnwfzaj1g-yarn-1.22.19/bin/yarn dev 1/main.ts

PATH: 
  /nix/store/pyq6gyhgck1nkfyjs6842ysxkxzjxkaj-patchelf-0.15.0/bin:/nix/store/sfgnb6rr428bssyrs54d6d0vv2avi95c-gcc-wrapper-12.3.0/bin:/nix/store/qfqjymymsd2x29yknsgllfiq1h64s3f4-gcc-12.3.0/bin:/nix/store/bh4lz3c2n3qfbm2hhwjhnqcaxcjs2sm8-glibc-2.38-27-bin/bin:/nix/store/zx8aqgdy735qzk81glfwil6mbi6ddqb1-coreutils-9.4/bin:/nix/store/lwqnazddv8037sin49482dnzc9iwgg8l-binutils-wrapper-2.40/bin:/nix/store/fzlkaj1ax7gl655blfcr6zzvml1vx3bj-binutils-2.40/bin:/nix/store/if3abix5p1mnlqabshwyj4hk3fyf7cwq-nodejs-18.19.0/bin:/nix/store/q96j2lrv9gz7w1pylkrxvlnm42m95hwl-ts-node-10.9.1/bin:/nix/store/dqs7wcqgw5x4cc2r7bgmkx9s9055xsnw-typescript-5.3.3/bin:/nix/store/fpi2d88hrwazxm7ign8ivapcnwfzaj1g-yarn-1.22.19/bin:/nix/store/zx8aqgdy735qzk81glfwil6mbi6ddqb1-coreutils-9.4/bin:/nix/store/sq0w0jchkjqbxl47h52kfwa33qp1adfh-findutils-4.9.0/bin:/nix/store/f3g84l92p0njh0gyk1z7cp2k4qnh91ha-diffutils-3.10/bin:/nix/store/7fqp73ncnbwr5bxxszqicf6r33d9yhkw-gnused-4.9/bin:/nix/store/by6918gg7srjyixqk8kbcdlz82d5pcwx-gnugrep-3.11/bin:/nix/store/1713hchhyzawkxfhk9srxklv03bqj55y-gawk-5.2.2/bin:/nix/store/1y7cqy8y76gsx037mhs3cvb33srj4c7g-gnutar-1.35/bin:/nix/store/21drzcpzpi485f9m6ihspg4kayly5425-gzip-1.13/bin:/nix/store/9gdg43h7zrn651lb1ihv2b2qf59im94b-bzip2-1.0.8-bin/bin:/nix/store/452v8bl3sjaq4kil1d9vqxc5vns4cvpp-gnumake-4.4.1/bin:/nix/store/q8qq40xg2grfh9ry1d9x4g7lq4ra7n81-bash-5.2-p21/bin:/nix/store/l6s9gwsallxxgz3qy7xk6410y842m6dn-patch-2.7.6/bin:/nix/store/pp7yamsghaprdxq94vr2iqx1hd5xn2qf-xz-5.4.5-bin/bin:/nix/store/hnz8p5w9xc0ivsiyrgky6f6h7sjb28a5-file-5.45/bin:/nix/store/skxsvpikra00khvj8lq9w6w594rixrdj-kitty-0.31.0/bin:/nix/store/9v6mh81k620slvkc2akrqxa34z33kgm0-imagemagick-7.1.1-21/bin:/nix/store/ifx5q9x3vcck3b01wb9h47x7va00snkd-ncurses-6.4-dev/bin:/run/wrappers/bin:/home/fullzer4/.nix-profile/bin:/nix/profile/bin:/home/fullzer4/.local/state/nix/profile/bin:/etc/profiles/per-user/fullzer4/bin:/nix/var/nix/profiles/default/bin:/run/current-system/sw/bin:/nix/store/pkxbiy21crv6hwwi389m5sl28r3v36b2-neovim-ruby-env/bin

Yarn version: 
  1.22.19

Node version: 
  20.10.0

Platform: 
  linux x64

Trace: 
  SyntaxError: /home/fullzer4/Codes/PraticingBooks/Book_Typescript_MarceloCosta/package.json: Expected ',' or '}' after property value in JSON at position 150
      at JSON.parse (<anonymous>)
      at /nix/store/fpi2d88hrwazxm7ign8ivapcnwfzaj1g-yarn-1.22.19/libexec/yarn/lib/cli.js:1629:59
      at Generator.next (<anonymous>)
      at step (/nix/store/fpi2d88hrwazxm7ign8ivapcnwfzaj1g-yarn-1.22.19/libexec/yarn/lib/cli.js:310:30)
      at /nix/store/fpi2d88hrwazxm7ign8ivapcnwfzaj1g-yarn-1.22.19/libexec/yarn/lib/cli.js:321:13

npm manifest: 
  {
    "name": "Book_Typescript_MarceloCosta",
    "version": "1.0.0",
    "main": "index.js",
    "license": "MIT",
    "scripts": {
      "dev": "ts-node"
    }
    "devDependencies": {
      "typescript": "^5.3.3"
    }
  }

yarn manifest: 
  No manifest

Lockfile: 
  # THIS IS AN AUTOGENERATED FILE. DO NOT EDIT THIS FILE DIRECTLY.
  # yarn lockfile v1
  
  
  typescript@^5.3.3:
    version "5.3.3"
    resolved "https://registry.yarnpkg.com/typescript/-/typescript-5.3.3.tgz#b3ce6ba258e72e6305ba66f5c9b452aaee3ffe37"
    integrity sha512-pXWcraxM0uxAS+tN0AG/BF2TyqmHO014Z070UsJ+pFvYuRSq8KH8DmWpnbXe0pEPDHXZV3FcAbJkijJ5oNEnWw==
